# JRE version: OpenJDK Runtime Environment (8.0_152-b01) (build 1.8.0_152-release-915-b01)
# Java VM: OpenJDK 64-Bit Server VM (25.152-b01 mixed mode windows-amd64 compressed oops)
Heap:
 PSYoungGen      total 223232K, used 67393K [0x00000000e0000000, 0x00000000f1680000, 0x0000000100000000)
  eden space 211968K, 31% used [0x00000000e0000000,0x00000000e41d0508,0x00000000ecf00000)
  from space 11264K, 0% used [0x00000000efb80000,0x00000000efb80000,0x00000000f0680000)
  to   space 16384K, 0% used [0x00000000f0680000,0x00000000f0680000,0x00000000f1680000)
 ParOldGen       total 374784K, used 18606K [0x00000000a0000000, 0x00000000b6e00000, 0x00000000e0000000)
  object space 374784K, 4% used [0x00000000a0000000,0x00000000a122b870,0x00000000b6e00000)
 Metaspace       used 37253K, capacity 38140K, committed 38272K, reserved 1081344K
  class space    used 5126K, capacity 5404K, committed 5504K, reserved 1048576K
GC Heap History (10 events):
Event: 2.717 GC heap before
{Heap before GC invocations=1 (full 0):
 PSYoungGen      total 153088K, used 130645K [0x00000000e0000000, 0x00000000eaa80000, 0x0000000100000000)
  eden space 131584K, 99% used [0x00000000e0000000,0x00000000e7f95458,0x00000000e8080000)
  from space 21504K, 0% used [0x00000000e9580000,0x00000000e9580000,0x00000000eaa80000)
  to   space 21504K, 0% used [0x00000000e8080000,0x00000000e8080000,0x00000000e9580000)
 ParOldGen       total 349696K, used 0K [0x00000000a0000000, 0x00000000b5580000, 0x00000000e0000000)
  object space 349696K, 0% used [0x00000000a0000000,0x00000000a0000000,0x00000000b5580000)
 Metaspace       used 20772K, capacity 21096K, committed 21296K, reserved 1067008K
  class space    used 2734K, capacity 2826K, committed 2944K, reserved 1048576K
Event: 2.746 GC heap after
Heap after GC invocations=1 (full 0):
 PSYoungGen      total 153088K, used 17130K [0x00000000e0000000, 0x00000000f2b00000, 0x0000000100000000)
  eden space 131584K, 0% used [0x00000000e0000000,0x00000000e0000000,0x00000000e8080000)
  from space 21504K, 79% used [0x00000000e8080000,0x00000000e913ab40,0x00000000e9580000)
  to   space 21504K, 0% used [0x00000000f1600000,0x00000000f1600000,0x00000000f2b00000)
 ParOldGen       total 349696K, used 16K [0x00000000a0000000, 0x00000000b5580000, 0x00000000e0000000)
  object space 349696K, 0% used [0x00000000a0000000,0x00000000a0004000,0x00000000b5580000)
 Metaspace       used 20772K, capacity 21096K, committed 21296K, reserved 1067008K
  class space    used 2734K, capacity 2826K, committed 2944K, reserved 1048576K
}
Event: 2.746 GC heap before
{Heap before GC invocations=2 (full 1):
 PSYoungGen      total 153088K, used 17130K [0x00000000e0000000, 0x00000000f2b00000, 0x0000000100000000)
  eden space 131584K, 0% used [0x00000000e0000000,0x00000000e0000000,0x00000000e8080000)
  from space 21504K, 79% used [0x00000000e8080000,0x00000000e913ab40,0x00000000e9580000)
  to   space 21504K, 0% used [0x00000000f1600000,0x00000000f1600000,0x00000000f2b00000)
 ParOldGen       total 349696K, used 16K [0x00000000a0000000, 0x00000000b5580000, 0x00000000e0000000)
  object space 349696K, 0% used [0x00000000a0000000,0x00000000a0004000,0x00000000b5580000)
 Metaspace       used 20772K, capacity 21096K, committed 21296K, reserved 1067008K
  class space    used 2734K, capacity 2826K, committed 2944K, reserved 1048576K
Event: 2.817 GC heap after
Heap after GC invocations=2 (full 1):
 PSYoungGen      total 153088K, used 0K [0x00000000e0000000, 0x00000000f2b00000, 0x0000000100000000)
  eden space 131584K, 0% used [0x00000000e0000000,0x00000000e0000000,0x00000000e8080000)
  from space 21504K, 0% used [0x00000000e8080000,0x00000000e8080000,0x00000000e9580000)
  to   space 21504K, 0% used [0x00000000f1600000,0x00000000f1600000,0x00000000f2b00000)
 ParOldGen       total 242688K, used 16489K [0x00000000a0000000, 0x00000000aed00000, 0x00000000e0000000)
  object space 242688K, 6% used [0x00000000a0000000,0x00000000a101a520,0x00000000aed00000)
 Metaspace       used 20772K, capacity 21096K, committed 21296K, reserved 1067008K
  class space    used 2734K, capacity 2826K, committed 2944K, reserved 1048576K
}
Event: 8.561 GC heap before
{Heap before GC invocations=3 (full 1):
 PSYoungGen      total 153088K, used 131584K [0x00000000e0000000, 0x00000000f2b00000, 0x0000000100000000)
  eden space 131584K, 100% used [0x00000000e0000000,0x00000000e8080000,0x00000000e8080000)
  from space 21504K, 0% used [0x00000000e8080000,0x00000000e8080000,0x00000000e9580000)
  to   space 21504K, 0% used [0x00000000f1600000,0x00000000f1600000,0x00000000f2b00000)
 ParOldGen       total 242688K, used 16489K [0x00000000a0000000, 0x00000000aed00000, 0x00000000e0000000)
  object space 242688K, 6% used [0x00000000a0000000,0x00000000a101a520,0x00000000aed00000)
 Metaspace       used 31559K, capacity 32130K, committed 32512K, reserved 1077248K
  class space    used 4315K, capacity 4527K, committed 4608K, reserved 1048576K
Event: 8.576 GC heap after
Heap after GC invocations=3 (full 1):
 PSYoungGen      total 174080K, used 15540K [0x00000000e0000000, 0x00000000f2580000, 0x0000000100000000)
  eden space 158208K, 0% used [0x00000000e0000000,0x00000000e0000000,0x00000000e9a80000)
  from space 15872K, 97% used [0x00000000f1600000,0x00000000f252d048,0x00000000f2580000)
  to   space 21504K, 0% used [0x00000000efb80000,0x00000000efb80000,0x00000000f1080000)
 ParOldGen       total 242688K, used 16497K [0x00000000a0000000, 0x00000000aed00000, 0x00000000e0000000)
  object space 242688K, 6% used [0x00000000a0000000,0x00000000a101c520,0x00000000aed00000)
 Metaspace       used 31559K, capacity 32130K, committed 32512K, reserved 1077248K
  class space    used 4315K, capacity 4527K, committed 4608K, reserved 1048576K
}
Event: 9.159 GC heap before
{Heap before GC invocations=4 (full 1):
 PSYoungGen      total 174080K, used 79022K [0x00000000e0000000, 0x00000000f2580000, 0x0000000100000000)
  eden space 158208K, 40% used [0x00000000e0000000,0x00000000e3dfe928,0x00000000e9a80000)
  from space 15872K, 97% used [0x00000000f1600000,0x00000000f252d048,0x00000000f2580000)
  to   space 21504K, 0% used [0x00000000efb80000,0x00000000efb80000,0x00000000f1080000)
 ParOldGen       total 242688K, used 16497K [0x00000000a0000000, 0x00000000aed00000, 0x00000000e0000000)
  object space 242688K, 6% used [0x00000000a0000000,0x00000000a101c520,0x00000000aed00000)
 Metaspace       used 34860K, capacity 35408K, committed 35496K, reserved 1079296K
  class space    used 4703K, capacity 4862K, committed 4864K, reserved 1048576K
Event: 9.177 GC heap after
Heap after GC invocations=4 (full 1):
 PSYoungGen      total 223232K, used 11201K [0x00000000e0000000, 0x00000000f1680000, 0x0000000100000000)
  eden space 211968K, 0% used [0x00000000e0000000,0x00000000e0000000,0x00000000ecf00000)
  from space 11264K, 99% used [0x00000000efb80000,0x00000000f0670410,0x00000000f0680000)
  to   space 16384K, 0% used [0x00000000f0680000,0x00000000f0680000,0x00000000f1680000)
 ParOldGen       total 242688K, used 16505K [0x00000000a0000000, 0x00000000aed00000, 0x00000000e0000000)
  object space 242688K, 6% used [0x00000000a0000000,0x00000000a101e520,0x00000000aed00000)
 Metaspace       used 34860K, capacity 35408K, committed 35496K, reserved 1079296K
  class space    used 4703K, capacity 4862K, committed 4864K, reserved 1048576K
}
Event: 9.177 GC heap before
{Heap before GC invocations=5 (full 2):
 PSYoungGen      total 223232K, used 11201K [0x00000000e0000000, 0x00000000f1680000, 0x0000000100000000)
  eden space 211968K, 0% used [0x00000000e0000000,0x00000000e0000000,0x00000000ecf00000)
  from space 11264K, 99% used [0x00000000efb80000,0x00000000f0670410,0x00000000f0680000)
  to   space 16384K, 0% used [0x00000000f0680000,0x00000000f0680000,0x00000000f1680000)
 ParOldGen       total 242688K, used 16505K [0x00000000a0000000, 0x00000000aed00000, 0x00000000e0000000)
  object space 242688K, 6% used [0x00000000a0000000,0x00000000a101e520,0x00000000aed00000)
 Metaspace       used 34860K, capacity 35408K, committed 35496K, reserved 1079296K
  class space    used 4703K, capacity 4862K, committed 4864K, reserved 1048576K
Event: 9.238 GC heap after
Heap after GC invocations=5 (full 2):
 PSYoungGen      total 223232K, used 0K [0x00000000e0000000, 0x00000000f1680000, 0x0000000100000000)
  eden space 211968K, 0% used [0x00000000e0000000,0x00000000e0000000,0x00000000ecf00000)
  from space 11264K, 0% used [0x00000000efb80000,0x00000000efb80000,0x00000000f0680000)
  to   space 16384K, 0% used [0x00000000f0680000,0x00000000f0680000,0x00000000f1680000)
 ParOldGen       total 374784K, used 18606K [0x00000000a0000000, 0x00000000b6e00000, 0x00000000e0000000)
  object space 374784K, 4% used [0x00000000a0000000,0x00000000a122b870,0x00000000b6e00000)
 Metaspace       used 34860K, capacity 35408K, committed 35496K, reserved 1079296K
  class space    used 4703K, capacity 4862K, committed 4864K, reserved 1048576K
}

